[ 2015-12-14T09:57:28+08:00 ] 192.168.1.2 /ThinkPHP_APP/TP_Message/
INFO: [ app_init ] --START--
INFO: Run Behavior\BuildLiteBehavior [ RunTime:0.000251s ]
INFO: [ app_init ] --END-- [ RunTime:0.013107s ]

[ 2015-12-14T09:57:30+08:00 ] 192.168.1.2 /ThinkPHP_APP/TP_Message/Login/index
INFO: [ app_init ] --START--
INFO: Run Behavior\BuildLiteBehavior [ RunTime:0.000250s ]
INFO: [ app_init ] --END-- [ RunTime:0.016292s ]

[ 2015-12-14T09:57:46+08:00 ] 192.168.1.2 /ThinkPHP_APP/TP_Message/Login/index
INFO: [ app_init ] --START--
INFO: Run Behavior\BuildLiteBehavior [ RunTime:0.000252s ]
INFO: [ app_init ] --END-- [ RunTime:0.010279s ]

[ 2015-12-14T09:57:51+08:00 ] 192.168.1.2 /ThinkPHP_APP/TP_Message/Login/index
INFO: [ app_init ] --START--
INFO: Run Behavior\BuildLiteBehavior [ RunTime:0.000246s ]
INFO: [ app_init ] --END-- [ RunTime:0.019024s ]

[ 2015-12-14T09:57:56+08:00 ] 192.168.1.2 /ThinkPHP_APP/TP_Message/Login/index
INFO: [ app_init ] --START--
INFO: Run Behavior\BuildLiteBehavior [ RunTime:0.000246s ]
INFO: [ app_init ] --END-- [ RunTime:0.009171s ]

[ 2015-12-14T10:05:12+08:00 ] 192.168.1.2 /ThinkPHP_APP/TP_Message/index.php/Login/submit.html
INFO: [ app_init ] --START--
INFO: Run Behavior\BuildLiteBehavior [ RunTime:0.000244s ]
INFO: [ app_init ] --END-- [ RunTime:0.006069s ]

[ 2015-12-14T10:05:13+08:00 ] 192.168.1.2 /ThinkPHP_APP/TP_Message/index.php/Index/index.html
INFO: [ app_init ] --START--
INFO: Run Behavior\BuildLiteBehavior [ RunTime:0.000250s ]
INFO: [ app_init ] --END-- [ RunTime:0.006278s ]

[ 2015-12-14T10:05:14+08:00 ] 192.168.1.2 /ThinkPHP_APP/TP_Message/index.php/Index/js/comment.js
INFO: [ app_init ] --START--
INFO: Run Behavior\BuildLiteBehavior [ RunTime:0.000254s ]
INFO: [ app_init ] --END-- [ RunTime:0.006030s ]
ERR: 非法操作:js

[ 2015-12-14T10:05:14+08:00 ] 192.168.1.2 /ThinkPHP_APP/TP_Message/index.php/Index/js/jQuery-v1.11.3.js
INFO: [ app_init ] --START--
INFO: Run Behavior\BuildLiteBehavior [ RunTime:0.000251s ]
INFO: [ app_init ] --END-- [ RunTime:0.016736s ]
ERR: 非法操作:js

[ 2015-12-14T10:05:14+08:00 ] 192.168.1.2 /ThinkPHP_APP/TP_Message/index.php/Index/js/json2.js
INFO: [ app_init ] --START--
INFO: Run Behavior\BuildLiteBehavior [ RunTime:0.000245s ]
INFO: [ app_init ] --END-- [ RunTime:0.011779s ]
ERR: 非法操作:js

[ 2015-12-14T10:05:15+08:00 ] 192.168.1.2 /ThinkPHP_APP/TP_Message/index.php/Index/js/comment.js
INFO: [ app_init ] --START--
INFO: Run Behavior\BuildLiteBehavior [ RunTime:0.000255s ]
INFO: [ app_init ] --END-- [ RunTime:0.006144s ]
ERR: 非法操作:js

[ 2015-12-14T10:18:55+08:00 ] 192.168.1.2 /ThinkPHP_APP/TP_Message/index.php/Index/index.html
INFO: [ app_init ] --START--
INFO: Run Behavior\BuildLiteBehavior [ RunTime:0.000248s ]
INFO: [ app_init ] --END-- [ RunTime:0.006703s ]

[ 2015-12-14T10:24:46+08:00 ] 192.168.1.2 /ThinkPHP_APP/TP_Message/index.php/Index/index.html
INFO: [ app_init ] --START--
INFO: Run Behavior\BuildLiteBehavior [ RunTime:0.000247s ]
INFO: [ app_init ] --END-- [ RunTime:0.007033s ]

[ 2015-12-14T10:24:47+08:00 ] 192.168.1.2 /ThinkPHP_APP/TP_Message/index.php/Index/Login/index
INFO: [ app_init ] --START--
INFO: Run Behavior\BuildLiteBehavior [ RunTime:0.000249s ]
INFO: [ app_init ] --END-- [ RunTime:0.006353s ]

[ 2015-12-14T10:24:49+08:00 ] 192.168.1.2 /ThinkPHP_APP/TP_Message/index.php/Index/Login/Login/index
INFO: [ app_init ] --START--
INFO: Run Behavior\BuildLiteBehavior [ RunTime:0.000247s ]
INFO: [ app_init ] --END-- [ RunTime:0.006393s ]

[ 2015-12-14T10:24:51+08:00 ] 192.168.1.2 /ThinkPHP_APP/TP_Message/index.php/Index/Login/Login/Login/index
INFO: [ app_init ] --START--
INFO: Run Behavior\BuildLiteBehavior [ RunTime:0.000250s ]
INFO: [ app_init ] --END-- [ RunTime:0.006266s ]

[ 2015-12-14T10:24:52+08:00 ] 192.168.1.2 /ThinkPHP_APP/TP_Message/index.php/Index/Login/Login/Login/Login/index
INFO: [ app_init ] --START--
INFO: Run Behavior\BuildLiteBehavior [ RunTime:0.000250s ]
INFO: [ app_init ] --END-- [ RunTime:0.006029s ]

[ 2015-12-14T10:24:54+08:00 ] 192.168.1.2 /ThinkPHP_APP/TP_Message/index.php/Index/Login/Login/Login/Login/Login/index
INFO: [ app_init ] --START--
INFO: Run Behavior\BuildLiteBehavior [ RunTime:0.000251s ]
INFO: [ app_init ] --END-- [ RunTime:0.006239s ]

[ 2015-12-14T10:24:55+08:00 ] 192.168.1.2 /ThinkPHP_APP/TP_Message/index.php/Index/Login/Login/Login/Login/Login/Login/index
INFO: [ app_init ] --START--
INFO: Run Behavior\BuildLiteBehavior [ RunTime:0.000251s ]
INFO: [ app_init ] --END-- [ RunTime:0.006563s ]

[ 2015-12-14T10:24:57+08:00 ] 192.168.1.2 /ThinkPHP_APP/TP_Message/index.php/Index/Login/Login/Login/Login/Login/Login/Login/index
INFO: [ app_init ] --START--
INFO: Run Behavior\BuildLiteBehavior [ RunTime:0.000246s ]
INFO: [ app_init ] --END-- [ RunTime:0.006397s ]

[ 2015-12-14T10:26:05+08:00 ] 192.168.1.2 /ThinkPHP_APP/TP_Message/
INFO: [ app_init ] --START--
INFO: Run Behavior\BuildLiteBehavior [ RunTime:0.000248s ]
INFO: [ app_init ] --END-- [ RunTime:0.006746s ]

[ 2015-12-14T10:26:07+08:00 ] 192.168.1.2 /ThinkPHP_APP/TP_Message/Login/index
INFO: [ app_init ] --START--
INFO: Run Behavior\BuildLiteBehavior [ RunTime:0.000249s ]
INFO: [ app_init ] --END-- [ RunTime:0.006294s ]

[ 2015-12-14T10:26:15+08:00 ] 192.168.1.2 /ThinkPHP_APP/TP_Message/index.php/Login/submit.html
INFO: [ app_init ] --START--
INFO: Run Behavior\BuildLiteBehavior [ RunTime:0.000248s ]
INFO: [ app_init ] --END-- [ RunTime:0.006507s ]

[ 2015-12-14T10:26:15+08:00 ] 192.168.1.2 /ThinkPHP_APP/TP_Message/index.php/Index/index.html
INFO: [ app_init ] --START--
INFO: Run Behavior\BuildLiteBehavior [ RunTime:0.000250s ]
INFO: [ app_init ] --END-- [ RunTime:0.006314s ]

[ 2015-12-14T10:26:19+08:00 ] 192.168.1.2 /ThinkPHP_APP/TP_Message/index.php/Index/index.html
INFO: [ app_init ] --START--
INFO: Run Behavior\BuildLiteBehavior [ RunTime:0.000242s ]
INFO: [ app_init ] --END-- [ RunTime:0.006217s ]

[ 2015-12-14T10:53:17+08:00 ] 192.168.1.2 /ThinkPHP_APP/TP_Message/index.php/Index/index.html
INFO: [ app_init ] --START--
INFO: Run Behavior\BuildLiteBehavior [ RunTime:0.000251s ]
INFO: [ app_init ] --END-- [ RunTime:0.006254s ]

[ 2015-12-14T10:53:19+08:00 ] 192.168.1.2 /ThinkPHP_APP/TP_Message/index.php/Index/logout.html
INFO: [ app_init ] --START--
INFO: Run Behavior\BuildLiteBehavior [ RunTime:0.000256s ]
INFO: [ app_init ] --END-- [ RunTime:0.006327s ]

[ 2015-12-14T10:53:20+08:00 ] 192.168.1.2 /ThinkPHP_APP/TP_Message/index.php/Login/index.html
INFO: [ app_init ] --START--
INFO: Run Behavior\BuildLiteBehavior [ RunTime:0.000254s ]
INFO: [ app_init ] --END-- [ RunTime:0.007478s ]

[ 2015-12-14T10:53:24+08:00 ] 192.168.1.2 /ThinkPHP_APP/TP_Message/index.php/Login/submit.html
INFO: [ app_init ] --START--
INFO: Run Behavior\BuildLiteBehavior [ RunTime:0.000368s ]
INFO: [ app_init ] --END-- [ RunTime:0.006323s ]

[ 2015-12-14T10:53:26+08:00 ] 192.168.1.2 /ThinkPHP_APP/TP_Message/index.php/Login/index
INFO: [ app_init ] --START--
INFO: Run Behavior\BuildLiteBehavior [ RunTime:0.000253s ]
INFO: [ app_init ] --END-- [ RunTime:0.006247s ]

[ 2015-12-14T10:53:35+08:00 ] 192.168.1.2 /ThinkPHP_APP/TP_Message/index.php/Login/registerClick.html
INFO: [ app_init ] --START--
INFO: Run Behavior\BuildLiteBehavior [ RunTime:0.000251s ]
INFO: [ app_init ] --END-- [ RunTime:0.006347s ]

[ 2015-12-14T10:53:36+08:00 ] 192.168.1.2 /ThinkPHP_APP/TP_Message/index.php/Register/index.html
INFO: [ app_init ] --START--
INFO: Run Behavior\BuildLiteBehavior [ RunTime:0.000253s ]
INFO: [ app_init ] --END-- [ RunTime:0.006087s ]

[ 2015-12-14T10:53:37+08:00 ] 192.168.1.2 /ThinkPHP_APP/TP_Message/index.php/Register/img/2.jpg
INFO: [ app_init ] --START--
INFO: Run Behavior\BuildLiteBehavior [ RunTime:0.000250s ]
INFO: [ app_init ] --END-- [ RunTime:0.046401s ]

[ 2015-12-14T10:53:37+08:00 ] 192.168.1.2 /ThinkPHP_APP/TP_Message/index.php/Register/img/3.jpg
INFO: [ app_init ] --START--
INFO: Run Behavior\BuildLiteBehavior [ RunTime:0.000245s ]
INFO: [ app_init ] --END-- [ RunTime:0.032085s ]

[ 2015-12-14T10:53:37+08:00 ] 192.168.1.2 /ThinkPHP_APP/TP_Message/index.php/Register/img/1.jpg
INFO: [ app_init ] --START--
INFO: Run Behavior\BuildLiteBehavior [ RunTime:0.000303s ]
INFO: [ app_init ] --END-- [ RunTime:0.006311s ]

[ 2015-12-14T10:53:37+08:00 ] 192.168.1.2 /ThinkPHP_APP/TP_Message/index.php/Register/img/icons/0.png
INFO: [ app_init ] --START--
INFO: Run Behavior\BuildLiteBehavior [ RunTime:0.000250s ]
INFO: [ app_init ] --END-- [ RunTime:0.058525s ]

[ 2015-12-14T10:53:38+08:00 ] 192.168.1.2 /ThinkPHP_APP/TP_Message/index.php/Register/img/icons/1.png
INFO: [ app_init ] --START--
INFO: Run Behavior\BuildLiteBehavior [ RunTime:0.000248s ]
INFO: [ app_init ] --END-- [ RunTime:0.026547s ]

[ 2015-12-14T10:53:38+08:00 ] 192.168.1.2 /ThinkPHP_APP/TP_Message/index.php/Register/img/4.jpg
INFO: [ app_init ] --START--
INFO: Run Behavior\BuildLiteBehavior [ RunTime:0.000249s ]
INFO: [ app_init ] --END-- [ RunTime:0.026511s ]

[ 2015-12-14T10:53:38+08:00 ] 192.168.1.2 /ThinkPHP_APP/TP_Message/index.php/Register/img/5.jpg
INFO: [ app_init ] --START--
INFO: Run Behavior\BuildLiteBehavior [ RunTime:0.000250s ]
INFO: [ app_init ] --END-- [ RunTime:0.006106s ]

[ 2015-12-14T10:54:29+08:00 ] 192.168.1.2 /ThinkPHP_APP/TP_Message/index.php/Register/index.html
INFO: [ app_init ] --START--
INFO: Run Behavior\BuildLiteBehavior [ RunTime:0.000249s ]
INFO: [ app_init ] --END-- [ RunTime:0.006517s ]

[ 2015-12-14T10:55:06+08:00 ] 192.168.1.2 /ThinkPHP_APP/TP_Message/index.php/Register/index.html
INFO: [ app_init ] --START--
INFO: Run Behavior\BuildLiteBehavior [ RunTime:0.000249s ]
INFO: [ app_init ] --END-- [ RunTime:0.006954s ]

[ 2015-12-14T11:00:55+08:00 ] 192.168.1.2 /ThinkPHP_APP/TP_Message/
INFO: [ app_init ] --START--
INFO: Run Behavior\BuildLiteBehavior [ RunTime:0.000248s ]
INFO: [ app_init ] --END-- [ RunTime:0.006562s ]

[ 2015-12-14T11:00:57+08:00 ] 192.168.1.2 /ThinkPHP_APP/TP_Message/Login/index
INFO: [ app_init ] --START--
INFO: Run Behavior\BuildLiteBehavior [ RunTime:0.000247s ]
INFO: [ app_init ] --END-- [ RunTime:0.006514s ]

[ 2015-12-14T11:01:04+08:00 ] 192.168.1.2 /ThinkPHP_APP/TP_Message/index.php/Login/submit.html
INFO: [ app_init ] --START--
INFO: Run Behavior\BuildLiteBehavior [ RunTime:0.000250s ]
INFO: [ app_init ] --END-- [ RunTime:0.006413s ]

[ 2015-12-14T11:01:04+08:00 ] 192.168.1.2 /ThinkPHP_APP/TP_Message/index.php/Index/index.html
INFO: [ app_init ] --START--
INFO: Run Behavior\BuildLiteBehavior [ RunTime:0.000368s ]
INFO: [ app_init ] --END-- [ RunTime:0.006304s ]

[ 2015-12-14T11:01:19+08:00 ] 192.168.1.2 /ThinkPHP_APP/TP_Message/index.php/Index/logout.html
INFO: [ app_init ] --START--
INFO: Run Behavior\BuildLiteBehavior [ RunTime:0.000251s ]
INFO: [ app_init ] --END-- [ RunTime:0.006927s ]

[ 2015-12-14T11:01:19+08:00 ] 192.168.1.2 /ThinkPHP_APP/TP_Message/index.php/Login/index.html
INFO: [ app_init ] --START--
INFO: Run Behavior\BuildLiteBehavior [ RunTime:0.000493s ]
INFO: [ app_init ] --END-- [ RunTime:0.008011s ]

[ 2015-12-14T11:03:48+08:00 ] 192.168.1.2 /ThinkPHP_APP/TP_Message/index.php/Login/registerClick.html
INFO: [ app_init ] --START--
INFO: Run Behavior\BuildLiteBehavior [ RunTime:0.000246s ]
INFO: [ app_init ] --END-- [ RunTime:0.006299s ]

[ 2015-12-14T11:03:48+08:00 ] 192.168.1.2 /ThinkPHP_APP/TP_Message/index.php/Register/index.html
INFO: [ app_init ] --START--
INFO: Run Behavior\BuildLiteBehavior [ RunTime:0.000250s ]
INFO: [ app_init ] --END-- [ RunTime:0.006497s ]

[ 2015-12-14T11:05:27+08:00 ] 192.168.1.2 /ThinkPHP_APP/TP_Message/index.php/Register/index.html
INFO: [ app_init ] --START--
INFO: Run Behavior\BuildLiteBehavior [ RunTime:0.000244s ]
INFO: [ app_init ] --END-- [ RunTime:0.006279s ]

[ 2015-12-14T11:06:19+08:00 ] 192.168.1.2 /ThinkPHP_APP/TP_Message/index.php/Register/index.html
INFO: [ app_init ] --START--
INFO: Run Behavior\BuildLiteBehavior [ RunTime:0.000251s ]
INFO: [ app_init ] --END-- [ RunTime:0.006007s ]

[ 2015-12-14T11:06:53+08:00 ] 192.168.1.2 /ThinkPHP_APP/TP_Message/index.php/Register/index.html
INFO: [ app_init ] --START--
INFO: Run Behavior\BuildLiteBehavior [ RunTime:0.000248s ]
INFO: [ app_init ] --END-- [ RunTime:0.006590s ]

[ 2015-12-14T11:07:57+08:00 ] 192.168.1.2 /ThinkPHP_APP/TP_Message/index.php/Register/index.html
INFO: [ app_init ] --START--
INFO: Run Behavior\BuildLiteBehavior [ RunTime:0.000250s ]
INFO: [ app_init ] --END-- [ RunTime:0.006400s ]

[ 2015-12-14T11:08:17+08:00 ] 192.168.1.2 /ThinkPHP_APP/TP_Message/index.php/Register/index.html
INFO: [ app_init ] --START--
INFO: Run Behavior\BuildLiteBehavior [ RunTime:0.000298s ]
INFO: [ app_init ] --END-- [ RunTime:0.006557s ]

[ 2015-12-14T11:08:58+08:00 ] 192.168.1.2 /ThinkPHP_APP/TP_Message/index.php/Register/index.html
INFO: [ app_init ] --START--
INFO: Run Behavior\BuildLiteBehavior [ RunTime:0.000247s ]
INFO: [ app_init ] --END-- [ RunTime:0.006705s ]

[ 2015-12-14T14:48:23+08:00 ] 192.168.1.2 /ThinkPHP_APP/TP_Message/index.php/Register/index.html
INFO: [ app_init ] --START--
INFO: Run Behavior\BuildLiteBehavior [ RunTime:0.000241s ]
INFO: [ app_init ] --END-- [ RunTime:0.006354s ]

[ 2015-12-14T15:19:05+08:00 ] 192.168.1.2 /ThinkPHP_APP/TP_Message/index.php/Register/index.html
INFO: [ app_init ] --START--
INFO: Run Behavior\BuildLiteBehavior [ RunTime:0.000247s ]
INFO: [ app_init ] --END-- [ RunTime:0.006506s ]

[ 2015-12-14T15:19:49+08:00 ] 192.168.1.2 /ThinkPHP_APP/TP_Message/index.php/Register/index.html
INFO: [ app_init ] --START--
INFO: Run Behavior\BuildLiteBehavior [ RunTime:0.000246s ]
INFO: [ app_init ] --END-- [ RunTime:0.006420s ]

[ 2015-12-14T15:20:23+08:00 ] 192.168.1.2 /ThinkPHP_APP/TP_Message/index.php/Register/index.html
INFO: [ app_init ] --START--
INFO: Run Behavior\BuildLiteBehavior [ RunTime:0.000371s ]
INFO: [ app_init ] --END-- [ RunTime:0.006749s ]

[ 2015-12-14T15:22:51+08:00 ] 192.168.1.2 /ThinkPHP_APP/TP_Message/index.php/Register/index.html
INFO: [ app_init ] --START--
INFO: Run Behavior\BuildLiteBehavior [ RunTime:0.000478s ]
INFO: [ app_init ] --END-- [ RunTime:0.006346s ]

[ 2015-12-14T15:23:08+08:00 ] 192.168.1.2 /ThinkPHP_APP/TP_Message/index.php/Register/submit.html
INFO: [ app_init ] --START--
INFO: Run Behavior\BuildLiteBehavior [ RunTime:0.000249s ]
INFO: [ app_init ] --END-- [ RunTime:0.006350s ]

[ 2015-12-14T15:52:25+08:00 ] 192.168.1.2 /ThinkPHP_APP/TP_Message/
INFO: [ app_init ] --START--
INFO: Run Behavior\BuildLiteBehavior [ RunTime:0.000477s ]
INFO: [ app_init ] --END-- [ RunTime:0.006522s ]

[ 2015-12-14T15:52:27+08:00 ] 192.168.1.2 /ThinkPHP_APP/TP_Message/Login/index
INFO: [ app_init ] --START--
INFO: Run Behavior\BuildLiteBehavior [ RunTime:0.000361s ]
INFO: [ app_init ] --END-- [ RunTime:0.006573s ]

[ 2015-12-14T15:53:00+08:00 ] 192.168.1.2 /ThinkPHP_APP/TP_Message/index.php/Login/submit.html
INFO: [ app_init ] --START--
INFO: Run Behavior\BuildLiteBehavior [ RunTime:0.000246s ]
INFO: [ app_init ] --END-- [ RunTime:0.006658s ]

[ 2015-12-14T15:53:01+08:00 ] 192.168.1.2 /ThinkPHP_APP/TP_Message/index.php/Index/index.html
INFO: [ app_init ] --START--
INFO: Run Behavior\BuildLiteBehavior [ RunTime:0.000247s ]
INFO: [ app_init ] --END-- [ RunTime:0.006332s ]

[ 2015-12-14T15:53:04+08:00 ] 192.168.1.2 /ThinkPHP_APP/TP_Message/index.php/Index/logout.html
INFO: [ app_init ] --START--
INFO: Run Behavior\BuildLiteBehavior [ RunTime:0.000250s ]
INFO: [ app_init ] --END-- [ RunTime:0.006005s ]

[ 2015-12-14T15:53:04+08:00 ] 192.168.1.2 /ThinkPHP_APP/TP_Message/index.php/Login/index.html
INFO: [ app_init ] --START--
INFO: Run Behavior\BuildLiteBehavior [ RunTime:0.000254s ]
INFO: [ app_init ] --END-- [ RunTime:0.008795s ]

[ 2015-12-14T15:53:06+08:00 ] 192.168.1.2 /ThinkPHP_APP/TP_Message/index.php/Login/registerClick.html
INFO: [ app_init ] --START--
INFO: Run Behavior\BuildLiteBehavior [ RunTime:0.000245s ]
INFO: [ app_init ] --END-- [ RunTime:0.006370s ]

[ 2015-12-14T15:53:07+08:00 ] 192.168.1.2 /ThinkPHP_APP/TP_Message/index.php/Register/index.html
INFO: [ app_init ] --START--
INFO: Run Behavior\BuildLiteBehavior [ RunTime:0.000250s ]
INFO: [ app_init ] --END-- [ RunTime:0.006303s ]

[ 2015-12-14T15:53:17+08:00 ] 192.168.1.2 /ThinkPHP_APP/TP_Message/index.php/Register/submit.html
INFO: [ app_init ] --START--
INFO: Run Behavior\BuildLiteBehavior [ RunTime:0.000251s ]
INFO: [ app_init ] --END-- [ RunTime:0.007178s ]

[ 2015-12-14T15:55:17+08:00 ] 192.168.1.2 /ThinkPHP_APP/TP_Message/index.php/Register/submit.html
INFO: [ app_init ] --START--
INFO: Run Behavior\BuildLiteBehavior [ RunTime:0.000248s ]
INFO: [ app_init ] --END-- [ RunTime:0.006113s ]

[ 2015-12-14T15:55:18+08:00 ] 192.168.1.2 /ThinkPHP_APP/TP_Message/index.php/Register/Login/index
INFO: [ app_init ] --START--
INFO: Run Behavior\BuildLiteBehavior [ RunTime:0.000253s ]
INFO: [ app_init ] --END-- [ RunTime:0.005889s ]
ERR: 非法操作:Login

[ 2015-12-14T15:56:46+08:00 ] 192.168.1.2 /ThinkPHP_APP/TP_Message/index.php/Register/Login/index
INFO: [ app_init ] --START--
INFO: Run Behavior\BuildLiteBehavior [ RunTime:0.000251s ]
INFO: [ app_init ] --END-- [ RunTime:0.006174s ]
ERR: 非法操作:Login

[ 2015-12-14T15:56:51+08:00 ] 192.168.1.2 /ThinkPHP_APP/TP_Message/
INFO: [ app_init ] --START--
INFO: Run Behavior\BuildLiteBehavior [ RunTime:0.000246s ]
INFO: [ app_init ] --END-- [ RunTime:0.005965s ]

[ 2015-12-14T15:56:53+08:00 ] 192.168.1.2 /ThinkPHP_APP/TP_Message/Login/index
INFO: [ app_init ] --START--
INFO: Run Behavior\BuildLiteBehavior [ RunTime:0.000319s ]
INFO: [ app_init ] --END-- [ RunTime:0.006325s ]

[ 2015-12-14T15:56:55+08:00 ] 192.168.1.2 /ThinkPHP_APP/TP_Message/index.php/Login/registerClick.html
INFO: [ app_init ] --START--
INFO: Run Behavior\BuildLiteBehavior [ RunTime:0.000248s ]
INFO: [ app_init ] --END-- [ RunTime:0.006365s ]

[ 2015-12-14T15:56:55+08:00 ] 192.168.1.2 /ThinkPHP_APP/TP_Message/index.php/Register/index.html
INFO: [ app_init ] --START--
INFO: Run Behavior\BuildLiteBehavior [ RunTime:0.000251s ]
INFO: [ app_init ] --END-- [ RunTime:0.006389s ]

[ 2015-12-14T15:56:58+08:00 ] 192.168.1.2 /ThinkPHP_APP/TP_Message/index.php/Register/submit.html
INFO: [ app_init ] --START--
INFO: Run Behavior\BuildLiteBehavior [ RunTime:0.000249s ]
INFO: [ app_init ] --END-- [ RunTime:0.006392s ]

[ 2015-12-14T15:57:00+08:00 ] 192.168.1.2 /ThinkPHP_APP/TP_Message/index.php/Register/index
INFO: [ app_init ] --START--
INFO: Run Behavior\BuildLiteBehavior [ RunTime:0.000246s ]
INFO: [ app_init ] --END-- [ RunTime:0.005877s ]

[ 2015-12-14T15:57:24+08:00 ] 192.168.1.2 /ThinkPHP_APP/TP_Message/index.php/Register/submit
INFO: [ app_init ] --START--
INFO: Run Behavior\BuildLiteBehavior [ RunTime:0.000248s ]
INFO: [ app_init ] --END-- [ RunTime:0.006277s ]

[ 2015-12-14T15:57:25+08:00 ] 192.168.1.2 /ThinkPHP_APP/TP_Message/index.php/Register/Login/index
INFO: [ app_init ] --START--
INFO: Run Behavior\BuildLiteBehavior [ RunTime:0.000251s ]
INFO: [ app_init ] --END-- [ RunTime:0.006651s ]
ERR: 非法操作:Login

[ 2015-12-14T15:57:43+08:00 ] 192.168.1.2 /ThinkPHP_APP/TP_Message/index.php/Register/Login/index
INFO: [ app_init ] --START--
INFO: Run Behavior\BuildLiteBehavior [ RunTime:0.000254s ]
INFO: [ app_init ] --END-- [ RunTime:0.006248s ]
ERR: 非法操作:Login

[ 2015-12-14T16:01:52+08:00 ] 192.168.1.2 /ThinkPHP_APP/TP_Message/index.php/Index/index
INFO: [ app_init ] --START--
INFO: Run Behavior\BuildLiteBehavior [ RunTime:0.000251s ]
INFO: [ app_init ] --END-- [ RunTime:0.006396s ]

[ 2015-12-14T16:01:54+08:00 ] 192.168.1.2 /ThinkPHP_APP/TP_Message/index.php/Index/Login/index
INFO: [ app_init ] --START--
INFO: Run Behavior\BuildLiteBehavior [ RunTime:0.000250s ]
INFO: [ app_init ] --END-- [ RunTime:0.005932s ]

[ 2015-12-14T16:01:56+08:00 ] 192.168.1.2 /ThinkPHP_APP/TP_Message/index.php/Index/Login/Login/index
INFO: [ app_init ] --START--
INFO: Run Behavior\BuildLiteBehavior [ RunTime:0.000248s ]
INFO: [ app_init ] --END-- [ RunTime:0.006156s ]

[ 2015-12-14T16:01:57+08:00 ] 192.168.1.2 /ThinkPHP_APP/TP_Message/index.php/Index/Login/Login/Login/index
INFO: [ app_init ] --START--
INFO: Run Behavior\BuildLiteBehavior [ RunTime:0.000246s ]
INFO: [ app_init ] --END-- [ RunTime:0.006169s ]

[ 2015-12-14T16:01:59+08:00 ] 192.168.1.2 /ThinkPHP_APP/TP_Message/index.php/Index/Login/Login/Login/Login/index
INFO: [ app_init ] --START--
INFO: Run Behavior\BuildLiteBehavior [ RunTime:0.000244s ]
INFO: [ app_init ] --END-- [ RunTime:0.006314s ]

[ 2015-12-14T16:02:00+08:00 ] 192.168.1.2 /ThinkPHP_APP/TP_Message/index.php/Index/Login/Login/Login/Login/index
INFO: [ app_init ] --START--
INFO: Run Behavior\BuildLiteBehavior [ RunTime:0.000249s ]
INFO: [ app_init ] --END-- [ RunTime:0.006332s ]

[ 2015-12-14T16:02:01+08:00 ] 192.168.1.2 /ThinkPHP_APP/TP_Message/index.php/Index/Login/Login/Login/Login/Login/index
INFO: [ app_init ] --START--
INFO: Run Behavior\BuildLiteBehavior [ RunTime:0.000245s ]
INFO: [ app_init ] --END-- [ RunTime:0.006561s ]

[ 2015-12-14T16:03:23+08:00 ] 192.168.1.2 /ThinkPHP_APP/TP_Message/index.php/Index/index
INFO: [ app_init ] --START--
INFO: Run Behavior\BuildLiteBehavior [ RunTime:0.000246s ]
INFO: [ app_init ] --END-- [ RunTime:0.006087s ]

[ 2015-12-14T16:06:19+08:00 ] 192.168.1.2 /ThinkPHP_APP/TP_Message/
INFO: [ app_init ] --START--
INFO: Run Behavior\BuildLiteBehavior [ RunTime:0.000246s ]
INFO: [ app_init ] --END-- [ RunTime:0.006241s ]

[ 2015-12-14T16:06:21+08:00 ] 192.168.1.2 /ThinkPHP_APP/TP_Message/Login/index
INFO: [ app_init ] --START--
INFO: Run Behavior\BuildLiteBehavior [ RunTime:0.000246s ]
INFO: [ app_init ] --END-- [ RunTime:0.005887s ]

[ 2015-12-14T16:07:17+08:00 ] 192.168.1.2 /ThinkPHP_APP/TP_Message/index.php/Home/Login/index
INFO: [ app_init ] --START--
INFO: Run Behavior\BuildLiteBehavior [ RunTime:0.000251s ]
INFO: [ app_init ] --END-- [ RunTime:0.006163s ]

[ 2015-12-14T16:07:24+08:00 ] 192.168.1.2 /ThinkPHP_APP/TP_Message/index.php/Home
INFO: [ app_init ] --START--
INFO: Run Behavior\BuildLiteBehavior [ RunTime:0.000249s ]
INFO: [ app_init ] --END-- [ RunTime:0.006354s ]

[ 2015-12-14T16:07:42+08:00 ] 192.168.1.2 /ThinkPHP_APP/TP_Message/index.php/Home/Login/index
INFO: [ app_init ] --START--
INFO: Run Behavior\BuildLiteBehavior [ RunTime:0.000251s ]
INFO: [ app_init ] --END-- [ RunTime:0.006388s ]

[ 2015-12-14T16:07:53+08:00 ] 192.168.1.2 /ThinkPHP_APP/TP_Message/index.php/Home/Login/registerClick.html
INFO: [ app_init ] --START--
INFO: Run Behavior\BuildLiteBehavior [ RunTime:0.000249s ]
INFO: [ app_init ] --END-- [ RunTime:0.006341s ]

[ 2015-12-14T16:07:53+08:00 ] 192.168.1.2 /ThinkPHP_APP/TP_Message/index.php/Home/Register/index.html
INFO: [ app_init ] --START--
INFO: Run Behavior\BuildLiteBehavior [ RunTime:0.000246s ]
INFO: [ app_init ] --END-- [ RunTime:0.006739s ]

[ 2015-12-14T16:08:50+08:00 ] 192.168.1.2 /ThinkPHP_APP/TP_Message/index.php/Home/Register/submit
INFO: [ app_init ] --START--
INFO: Run Behavior\BuildLiteBehavior [ RunTime:0.000248s ]
INFO: [ app_init ] --END-- [ RunTime:0.006120s ]

[ 2015-12-14T16:08:52+08:00 ] 192.168.1.2 /ThinkPHP_APP/TP_Message/index.php/Home/Register/Login/index
INFO: [ app_init ] --START--
INFO: Run Behavior\BuildLiteBehavior [ RunTime:0.000251s ]
INFO: [ app_init ] --END-- [ RunTime:0.006057s ]
ERR: 非法操作:Login

[ 2015-12-14T16:09:22+08:00 ] 192.168.1.2 /ThinkPHP_APP/TP_Message/index.php/Home/Register/submit
INFO: [ app_init ] --START--
INFO: Run Behavior\BuildLiteBehavior [ RunTime:0.000251s ]
INFO: [ app_init ] --END-- [ RunTime:0.006659s ]

[ 2015-12-14T16:09:48+08:00 ] 192.168.1.2 /ThinkPHP_APP/TP_Message/
INFO: [ app_init ] --START--
INFO: Run Behavior\BuildLiteBehavior [ RunTime:0.000247s ]
INFO: [ app_init ] --END-- [ RunTime:0.006163s ]

[ 2015-12-14T16:10:09+08:00 ] 192.168.1.2 /ThinkPHP_APP/TP_Message/
INFO: [ app_init ] --START--
INFO: Run Behavior\BuildLiteBehavior [ RunTime:0.000264s ]
INFO: [ app_init ] --END-- [ RunTime:0.006308s ]

[ 2015-12-14T16:10:11+08:00 ] 192.168.1.2 /ThinkPHP_APP/TP_Message/Home/Login/index
INFO: [ app_init ] --START--
INFO: Run Behavior\BuildLiteBehavior [ RunTime:0.000246s ]
INFO: [ app_init ] --END-- [ RunTime:0.006273s ]

[ 2015-12-14T16:10:41+08:00 ] 192.168.1.2 /ThinkPHP_APP/TP_Message/
INFO: [ app_init ] --START--
INFO: Run Behavior\BuildLiteBehavior [ RunTime:0.000246s ]
INFO: [ app_init ] --END-- [ RunTime:0.006149s ]

[ 2015-12-14T16:10:43+08:00 ] 192.168.1.2 /ThinkPHP_APP/TP_Message/Login/index
INFO: [ app_init ] --START--
INFO: Run Behavior\BuildLiteBehavior [ RunTime:0.000250s ]
INFO: [ app_init ] --END-- [ RunTime:0.006151s ]

[ 2015-12-14T16:11:17+08:00 ] 192.168.1.2 /ThinkPHP_APP/TP_Message/Regitser/submit
INFO: [ app_init ] --START--
INFO: Run Behavior\BuildLiteBehavior [ RunTime:0.000250s ]
INFO: [ app_init ] --END-- [ RunTime:0.006064s ]
ERR: 无法加载控制器:Regitser

[ 2015-12-14T16:11:27+08:00 ] 192.168.1.2 /ThinkPHP_APP/TP_Message/Register/submit
INFO: [ app_init ] --START--
INFO: Run Behavior\BuildLiteBehavior [ RunTime:0.000248s ]
INFO: [ app_init ] --END-- [ RunTime:0.006164s ]

[ 2015-12-14T16:11:28+08:00 ] 192.168.1.2 /ThinkPHP_APP/TP_Message/Register/Login/index
INFO: [ app_init ] --START--
INFO: Run Behavior\BuildLiteBehavior [ RunTime:0.000251s ]
INFO: [ app_init ] --END-- [ RunTime:0.006092s ]
ERR: 非法操作:Login

[ 2015-12-14T16:12:03+08:00 ] 192.168.1.2 /ThinkPHP_APP/TP_Message/
INFO: [ app_init ] --START--
INFO: Run Behavior\BuildLiteBehavior [ RunTime:0.000257s ]
INFO: [ app_init ] --END-- [ RunTime:0.006393s ]

[ 2015-12-14T16:12:05+08:00 ] 192.168.1.2 /ThinkPHP_APP/TP_Message/Login/index
INFO: [ app_init ] --START--
INFO: Run Behavior\BuildLiteBehavior [ RunTime:0.000256s ]
INFO: [ app_init ] --END-- [ RunTime:0.006259s ]

[ 2015-12-14T16:12:12+08:00 ] 192.168.1.2 /ThinkPHP_APP/TP_Message/Index/index
INFO: [ app_init ] --START--
INFO: Run Behavior\BuildLiteBehavior [ RunTime:0.000251s ]
INFO: [ app_init ] --END-- [ RunTime:0.006332s ]

[ 2015-12-14T16:12:14+08:00 ] 192.168.1.2 /ThinkPHP_APP/TP_Message/Index/Login/index
INFO: [ app_init ] --START--
INFO: Run Behavior\BuildLiteBehavior [ RunTime:0.000249s ]
INFO: [ app_init ] --END-- [ RunTime:0.005912s ]

[ 2015-12-14T16:12:15+08:00 ] 192.168.1.2 /ThinkPHP_APP/TP_Message/Index/Login/Login/index
INFO: [ app_init ] --START--
INFO: Run Behavior\BuildLiteBehavior [ RunTime:0.000248s ]
INFO: [ app_init ] --END-- [ RunTime:0.006285s ]

[ 2015-12-14T16:12:17+08:00 ] 192.168.1.2 /ThinkPHP_APP/TP_Message/Index/Login/Login/Login/index
INFO: [ app_init ] --START--
INFO: Run Behavior\BuildLiteBehavior [ RunTime:0.000244s ]
INFO: [ app_init ] --END-- [ RunTime:0.006126s ]

[ 2015-12-14T16:12:19+08:00 ] 192.168.1.2 /ThinkPHP_APP/TP_Message/Index/Login/Login/Login/Login/index
INFO: [ app_init ] --START--
INFO: Run Behavior\BuildLiteBehavior [ RunTime:0.000248s ]
INFO: [ app_init ] --END-- [ RunTime:0.005892s ]

[ 2015-12-14T16:12:21+08:00 ] 192.168.1.2 /ThinkPHP_APP/TP_Message/Index/Login/Login/Login/Login/Login/index
INFO: [ app_init ] --START--
INFO: Run Behavior\BuildLiteBehavior [ RunTime:0.000242s ]
INFO: [ app_init ] --END-- [ RunTime:0.006020s ]

[ 2015-12-14T16:12:22+08:00 ] 192.168.1.2 /ThinkPHP_APP/TP_Message/Index/Login/Login/Login/Login/Login/Login/index
INFO: [ app_init ] --START--
INFO: Run Behavior\BuildLiteBehavior [ RunTime:0.000243s ]
INFO: [ app_init ] --END-- [ RunTime:0.006190s ]

[ 2015-12-14T16:12:24+08:00 ] 192.168.1.2 /ThinkPHP_APP/TP_Message/Index/Login/Login/Login/Login/Login/Login/Login/index
INFO: [ app_init ] --START--
INFO: Run Behavior\BuildLiteBehavior [ RunTime:0.000248s ]
INFO: [ app_init ] --END-- [ RunTime:0.006238s ]

[ 2015-12-14T16:12:25+08:00 ] 192.168.1.2 /ThinkPHP_APP/TP_Message/Index/Login/Login/Login/Login/Login/Login/Login/Login/index
INFO: [ app_init ] --START--
INFO: Run Behavior\BuildLiteBehavior [ RunTime:0.000246s ]
INFO: [ app_init ] --END-- [ RunTime:0.006053s ]

[ 2015-12-14T16:12:27+08:00 ] 192.168.1.2 /ThinkPHP_APP/TP_Message/Index/Login/Login/Login/Login/Login/Login/Login/Login/Login/index
INFO: [ app_init ] --START--
INFO: Run Behavior\BuildLiteBehavior [ RunTime:0.000359s ]
INFO: [ app_init ] --END-- [ RunTime:0.006312s ]

[ 2015-12-14T16:12:29+08:00 ] 192.168.1.2 /ThinkPHP_APP/TP_Message/Index/Login/Login/Login/Login/Login/Login/Login/Login/Login/Login/index
INFO: [ app_init ] --START--
INFO: Run Behavior\BuildLiteBehavior [ RunTime:0.000246s ]
INFO: [ app_init ] --END-- [ RunTime:0.005893s ]

[ 2015-12-14T16:12:30+08:00 ] 192.168.1.2 /ThinkPHP_APP/TP_Message/Index/Login/Login/Login/Login/Login/Login/Login/Login/Login/Login/Login/index
INFO: [ app_init ] --START--
INFO: Run Behavior\BuildLiteBehavior [ RunTime:0.000245s ]
INFO: [ app_init ] --END-- [ RunTime:0.006205s ]

[ 2015-12-14T16:20:33+08:00 ] 192.168.1.2 /ThinkPHP_APP/TP_Message/
INFO: [ app_init ] --START--
INFO: Run Behavior\BuildLiteBehavior [ RunTime:0.000250s ]
INFO: [ app_init ] --END-- [ RunTime:0.006057s ]

[ 2015-12-14T16:22:19+08:00 ] 192.168.1.2 /ThinkPHP_APP/TP_Message/index.php/Home/Login/index
INFO: [ app_init ] --START--
INFO: Run Behavior\BuildLiteBehavior [ RunTime:0.000248s ]
INFO: [ app_init ] --END-- [ RunTime:0.006387s ]

[ 2015-12-14T16:22:43+08:00 ] 192.168.1.2 /ThinkPHP_APP/TP_Message/index.php/Home/Login/registerClick.html
INFO: [ app_init ] --START--
INFO: Run Behavior\BuildLiteBehavior [ RunTime:0.000249s ]
INFO: [ app_init ] --END-- [ RunTime:0.006105s ]

[ 2015-12-14T16:22:43+08:00 ] 192.168.1.2 /ThinkPHP_APP/TP_Message/index.php/Home/Register/index.html
INFO: [ app_init ] --START--
INFO: Run Behavior\BuildLiteBehavior [ RunTime:0.000362s ]
INFO: [ app_init ] --END-- [ RunTime:0.006337s ]

[ 2015-12-14T16:22:53+08:00 ] 192.168.1.2 /ThinkPHP_APP/TP_Message/index.php/Home/Login/index.html
INFO: [ app_init ] --START--
INFO: Run Behavior\BuildLiteBehavior [ RunTime:0.000247s ]
INFO: [ app_init ] --END-- [ RunTime:0.006144s ]

[ 2015-12-14T16:23:01+08:00 ] 192.168.1.2 /ThinkPHP_APP/TP_Message/index.php/Home/Login/registerClick.html
INFO: [ app_init ] --START--
INFO: Run Behavior\BuildLiteBehavior [ RunTime:0.000245s ]
INFO: [ app_init ] --END-- [ RunTime:0.006193s ]

[ 2015-12-14T16:23:02+08:00 ] 192.168.1.2 /ThinkPHP_APP/TP_Message/index.php/Home/Register/index.html
INFO: [ app_init ] --START--
INFO: Run Behavior\BuildLiteBehavior [ RunTime:0.000312s ]
INFO: [ app_init ] --END-- [ RunTime:0.005845s ]

[ 2015-12-14T16:23:16+08:00 ] 192.168.1.2 /ThinkPHP_APP/TP_Message/index.php/Home/Register/submit
INFO: [ app_init ] --START--
INFO: Run Behavior\BuildLiteBehavior [ RunTime:0.000242s ]
INFO: [ app_init ] --END-- [ RunTime:0.006035s ]

[ 2015-12-14T16:23:18+08:00 ] 192.168.1.2 /ThinkPHP_APP/TP_Message/index.php/Home/Register/Login/index
INFO: [ app_init ] --START--
INFO: Run Behavior\BuildLiteBehavior [ RunTime:0.000252s ]
INFO: [ app_init ] --END-- [ RunTime:0.006056s ]
ERR: 非法操作:Login

[ 2015-12-14T16:23:38+08:00 ] 192.168.1.2 /ThinkPHP_APP/TP_Message/index.php/Home/Register/submit
INFO: [ app_init ] --START--
INFO: Run Behavior\BuildLiteBehavior [ RunTime:0.000245s ]
INFO: [ app_init ] --END-- [ RunTime:0.006205s ]

[ 2015-12-14T16:23:39+08:00 ] 192.168.1.2 /ThinkPHP_APP/TP_Message/index.php/Home/Register/Home/Login/index
INFO: [ app_init ] --START--
INFO: Run Behavior\BuildLiteBehavior [ RunTime:0.000263s ]
INFO: [ app_init ] --END-- [ RunTime:0.006243s ]
ERR: 非法操作:Home

[ 2015-12-14T16:23:54+08:00 ] 192.168.1.2 /ThinkPHP_APP/TP_Message/index.php/Home/Register/submit
INFO: [ app_init ] --START--
INFO: Run Behavior\BuildLiteBehavior [ RunTime:0.000252s ]
INFO: [ app_init ] --END-- [ RunTime:0.006310s ]

[ 2015-12-14T16:24:13+08:00 ] 192.168.1.2 /ThinkPHP_APP/TP_Message/
INFO: [ app_init ] --START--
INFO: Run Behavior\BuildLiteBehavior [ RunTime:0.000245s ]
INFO: [ app_init ] --END-- [ RunTime:0.006284s ]

[ 2015-12-14T16:24:27+08:00 ] 192.168.1.2 /ThinkPHP_APP/TP_Message/Home/Login/index
INFO: [ app_init ] --START--
INFO: Run Behavior\BuildLiteBehavior [ RunTime:0.000253s ]
INFO: [ app_init ] --END-- [ RunTime:0.006345s ]

[ 2015-12-14T16:31:02+08:00 ] 192.168.1.2 /ThinkPHP_APP/TP_Message/index.php/Home/Login/registerClick.html
INFO: [ app_init ] --START--
INFO: Run Behavior\BuildLiteBehavior [ RunTime:0.000247s ]
INFO: [ app_init ] --END-- [ RunTime:0.008828s ]
ERR: 无法加载控制器:Home

[ 2015-12-14T16:31:10+08:00 ] 192.168.1.2 /ThinkPHP_APP/TP_Message/index.php/Home/Login/registerClick.html
INFO: [ app_init ] --START--
INFO: Run Behavior\BuildLiteBehavior [ RunTime:0.000250s ]
INFO: [ app_init ] --END-- [ RunTime:0.006334s ]
ERR: 无法加载控制器:Home

[ 2015-12-14T16:31:54+08:00 ] 192.168.1.2 /ThinkPHP_APP/TP_Message/index.php/Login/registerClick.html
INFO: [ app_init ] --START--
INFO: Run Behavior\BuildLiteBehavior [ RunTime:0.000372s ]
INFO: [ app_init ] --END-- [ RunTime:0.006361s ]

[ 2015-12-14T16:31:55+08:00 ] 192.168.1.2 /ThinkPHP_APP/TP_Message/index.php/Register/index.html
INFO: [ app_init ] --START--
INFO: Run Behavior\BuildLiteBehavior [ RunTime:0.000255s ]
INFO: [ app_init ] --END-- [ RunTime:0.006076s ]

[ 2015-12-14T16:32:32+08:00 ] 192.168.1.2 /ThinkPHP_APP/TP_Message/index.php/Register/submit
INFO: [ app_init ] --START--
INFO: Run Behavior\BuildLiteBehavior [ RunTime:0.000246s ]
INFO: [ app_init ] --END-- [ RunTime:0.006363s ]

[ 2015-12-14T16:32:34+08:00 ] 192.168.1.2 /ThinkPHP_APP/TP_Message/index.php/Register/Login/index
INFO: [ app_init ] --START--
INFO: Run Behavior\BuildLiteBehavior [ RunTime:0.000367s ]
INFO: [ app_init ] --END-- [ RunTime:0.007026s ]
ERR: 非法操作:Login

[ 2015-12-14T16:37:53+08:00 ] 192.168.1.2 /ThinkPHP_APP/TP_Message/index.php/Register/submit
INFO: [ app_init ] --START--
INFO: Run Behavior\BuildLiteBehavior [ RunTime:0.000490s ]
INFO: [ app_init ] --END-- [ RunTime:0.006200s ]

[ 2015-12-14T16:37:57+08:00 ] 192.168.1.2 /ThinkPHP_APP/TP_Message/index.php/Register/Login/index
INFO: [ app_init ] --START--
INFO: Run Behavior\BuildLiteBehavior [ RunTime:0.000244s ]
INFO: [ app_init ] --END-- [ RunTime:0.005888s ]
ERR: 非法操作:Login

[ 2015-12-14T16:38:14+08:00 ] 192.168.1.2 /ThinkPHP_APP/TP_Message/index.php/Register/submit
INFO: [ app_init ] --START--
INFO: Run Behavior\BuildLiteBehavior [ RunTime:0.000249s ]
INFO: [ app_init ] --END-- [ RunTime:0.006237s ]

[ 2015-12-14T16:38:16+08:00 ] 192.168.1.2 /ThinkPHP_APP/TP_Message/index.php/Register/Login/index
INFO: [ app_init ] --START--
INFO: Run Behavior\BuildLiteBehavior [ RunTime:0.000254s ]
INFO: [ app_init ] --END-- [ RunTime:0.006300s ]
ERR: 非法操作:Login

[ 2015-12-14T16:38:46+08:00 ] 192.168.1.2 /ThinkPHP_APP/TP_Message/index.php/Home/Register/submit
INFO: [ app_init ] --START--
INFO: Run Behavior\BuildLiteBehavior [ RunTime:0.000240s ]
INFO: [ app_init ] --END-- [ RunTime:0.006188s ]

[ 2015-12-14T16:38:48+08:00 ] 192.168.1.2 /ThinkPHP_APP/TP_Message/index.php/Home/Register/Login/index
INFO: [ app_init ] --START--
INFO: Run Behavior\BuildLiteBehavior [ RunTime:0.000245s ]
INFO: [ app_init ] --END-- [ RunTime:0.005946s ]
ERR: 非法操作:Login

[ 2015-12-14T16:40:36+08:00 ] 192.168.1.2 /ThinkPHP_APP/TP_Message/index.php/Register/submit
INFO: [ app_init ] --START--
INFO: Run Behavior\BuildLiteBehavior [ RunTime:0.000249s ]
INFO: [ app_init ] --END-- [ RunTime:0.006600s ]

[ 2015-12-14T16:40:38+08:00 ] 192.168.1.2 /ThinkPHP_APP/TP_Message/index.php/Register/Login/index
INFO: [ app_init ] --START--
INFO: Run Behavior\BuildLiteBehavior [ RunTime:0.000321s ]
INFO: [ app_init ] --END-- [ RunTime:0.006252s ]
ERR: 非法操作:Login

[ 2015-12-14T16:42:20+08:00 ] 192.168.1.2 /ThinkPHP_APP/TP_Message/index.php/Register/submit
INFO: [ app_init ] --START--
INFO: Run Behavior\BuildLiteBehavior [ RunTime:0.000256s ]
INFO: [ app_init ] --END-- [ RunTime:0.006281s ]

[ 2015-12-14T16:42:21+08:00 ] 192.168.1.2 /ThinkPHP_APP/TP_Message/index.php/Register/Login/index
INFO: [ app_init ] --START--
INFO: Run Behavior\BuildLiteBehavior [ RunTime:0.000258s ]
INFO: [ app_init ] --END-- [ RunTime:0.006253s ]
ERR: 非法操作:Login

[ 2015-12-14T16:42:31+08:00 ] 192.168.1.2 /ThinkPHP_APP/TP_Message/index.php/Register/index
INFO: [ app_init ] --START--
INFO: Run Behavior\BuildLiteBehavior [ RunTime:0.000256s ]
INFO: [ app_init ] --END-- [ RunTime:0.006397s ]

[ 2015-12-14T16:42:56+08:00 ] 192.168.1.2 /ThinkPHP_APP/TP_Message/index.php/Register/index
INFO: [ app_init ] --START--
INFO: Run Behavior\BuildLiteBehavior [ RunTime:0.000255s ]
INFO: [ app_init ] --END-- [ RunTime:0.006531s ]

[ 2015-12-14T16:43:03+08:00 ] 192.168.1.2 /ThinkPHP_APP/TP_Message/index.php/Register/submit
INFO: [ app_init ] --START--
INFO: Run Behavior\BuildLiteBehavior [ RunTime:0.000253s ]
INFO: [ app_init ] --END-- [ RunTime:0.006559s ]

[ 2015-12-14T16:43:04+08:00 ] 192.168.1.2 /ThinkPHP_APP/TP_Message/index.php/Register/Login/index
INFO: [ app_init ] --START--
INFO: Run Behavior\BuildLiteBehavior [ RunTime:0.000252s ]
INFO: [ app_init ] --END-- [ RunTime:0.006447s ]
ERR: 非法操作:Login

[ 2015-12-14T16:43:12+08:00 ] 192.168.1.2 /ThinkPHP_APP/TP_Message/index.php/Register/index
INFO: [ app_init ] --START--
INFO: Run Behavior\BuildLiteBehavior [ RunTime:0.000251s ]
INFO: [ app_init ] --END-- [ RunTime:0.006827s ]

[ 2015-12-14T16:44:30+08:00 ] 192.168.1.2 /ThinkPHP_APP/TP_Message/index.php/Register/submit
INFO: [ app_init ] --START--
INFO: Run Behavior\BuildLiteBehavior [ RunTime:0.000247s ]
INFO: [ app_init ] --END-- [ RunTime:0.006049s ]

[ 2015-12-14T16:44:31+08:00 ] 192.168.1.2 /ThinkPHP_APP/TP_Message/index.php/Register/Login/index
INFO: [ app_init ] --START--
INFO: Run Behavior\BuildLiteBehavior [ RunTime:0.000253s ]
INFO: [ app_init ] --END-- [ RunTime:0.006199s ]
ERR: 非法操作:Login

[ 2015-12-14T16:44:40+08:00 ] 192.168.1.2 /ThinkPHP_APP/TP_Message/index.php/Register/submit
INFO: [ app_init ] --START--
INFO: Run Behavior\BuildLiteBehavior [ RunTime:0.000249s ]
INFO: [ app_init ] --END-- [ RunTime:0.006427s ]

[ 2015-12-14T16:44:41+08:00 ] 192.168.1.2 /ThinkPHP_APP/TP_Message/index.php/Register/Login/index
INFO: [ app_init ] --START--
INFO: Run Behavior\BuildLiteBehavior [ RunTime:0.000254s ]
INFO: [ app_init ] --END-- [ RunTime:0.006305s ]
ERR: 非法操作:Login

[ 2015-12-14T16:45:12+08:00 ] 192.168.1.2 /ThinkPHP_APP/TP_Message/index.php/Register/Login/index
INFO: [ app_init ] --START--
INFO: Run Behavior\BuildLiteBehavior [ RunTime:0.000250s ]
INFO: [ app_init ] --END-- [ RunTime:0.006569s ]
ERR: 非法操作:Login

[ 2015-12-14T16:47:32+08:00 ] 192.168.1.2 /ThinkPHP_APP/TP_Message/index.php/Register/submit
INFO: [ app_init ] --START--
INFO: Run Behavior\BuildLiteBehavior [ RunTime:0.000371s ]
INFO: [ app_init ] --END-- [ RunTime:0.006191s ]

[ 2015-12-14T16:47:33+08:00 ] 192.168.1.2 /ThinkPHP_APP/TP_Message/index.php/Register/Login/index
INFO: [ app_init ] --START--
INFO: Run Behavior\BuildLiteBehavior [ RunTime:0.000254s ]
INFO: [ app_init ] --END-- [ RunTime:0.006503s ]
ERR: 非法操作:Login

[ 2015-12-14T16:47:38+08:00 ] 192.168.1.2 /ThinkPHP_APP/TP_Message/index.php/Register/submit
INFO: [ app_init ] --START--
INFO: Run Behavior\BuildLiteBehavior [ RunTime:0.000248s ]
INFO: [ app_init ] --END-- [ RunTime:0.006046s ]

[ 2015-12-14T16:47:40+08:00 ] 192.168.1.2 /ThinkPHP_APP/TP_Message/index.php/Register/Login/index
INFO: [ app_init ] --START--
INFO: Run Behavior\BuildLiteBehavior [ RunTime:0.000253s ]
INFO: [ app_init ] --END-- [ RunTime:0.008415s ]
ERR: 非法操作:Login

[ 2015-12-14T16:47:47+08:00 ] 192.168.1.2 /ThinkPHP_APP/TP_Message/index.php/Register/submit
INFO: [ app_init ] --START--
INFO: Run Behavior\BuildLiteBehavior [ RunTime:0.000251s ]
INFO: [ app_init ] --END-- [ RunTime:0.006370s ]

[ 2015-12-14T16:47:55+08:00 ] 192.168.1.2 /ThinkPHP_APP/TP_Message/index.php/Register/submit
INFO: [ app_init ] --START--
INFO: Run Behavior\BuildLiteBehavior [ RunTime:0.000253s ]
INFO: [ app_init ] --END-- [ RunTime:0.006078s ]

[ 2015-12-14T16:48:15+08:00 ] 192.168.1.2 /ThinkPHP_APP/TP_Message/index.php/Register/index
INFO: [ app_init ] --START--
INFO: Run Behavior\BuildLiteBehavior [ RunTime:0.000248s ]
INFO: [ app_init ] --END-- [ RunTime:0.006573s ]

[ 2015-12-14T16:50:33+08:00 ] 192.168.1.2 /ThinkPHP_APP/TP_Message/index.php
INFO: [ app_init ] --START--
INFO: Run Behavior\BuildLiteBehavior [ RunTime:0.000245s ]
INFO: [ app_init ] --END-- [ RunTime:0.006092s ]

[ 2015-12-14T16:50:54+08:00 ] 192.168.1.2 /ThinkPHP_APP/TP_Message/index.php/Login/index
INFO: [ app_init ] --START--
INFO: Run Behavior\BuildLiteBehavior [ RunTime:0.000248s ]
INFO: [ app_init ] --END-- [ RunTime:0.006342s ]

[ 2015-12-14T16:51:10+08:00 ] 192.168.1.2 /ThinkPHP_APP/TP_Message/index.php/Index/index
INFO: [ app_init ] --START--
INFO: Run Behavior\BuildLiteBehavior [ RunTime:0.000249s ]
INFO: [ app_init ] --END-- [ RunTime:0.005999s ]

[ 2015-12-14T16:51:12+08:00 ] 192.168.1.2 /ThinkPHP_APP/TP_Message/index.php/Index/Login/index
INFO: [ app_init ] --START--
INFO: Run Behavior\BuildLiteBehavior [ RunTime:0.000249s ]
INFO: [ app_init ] --END-- [ RunTime:0.005863s ]

[ 2015-12-14T16:51:13+08:00 ] 192.168.1.2 /ThinkPHP_APP/TP_Message/index.php/Index/Login/Login/index
INFO: [ app_init ] --START--
INFO: Run Behavior\BuildLiteBehavior [ RunTime:0.000247s ]
INFO: [ app_init ] --END-- [ RunTime:0.006145s ]

[ 2015-12-14T16:51:15+08:00 ] 192.168.1.2 /ThinkPHP_APP/TP_Message/index.php/Index/Login/Login/Login/index
INFO: [ app_init ] --START--
INFO: Run Behavior\BuildLiteBehavior [ RunTime:0.000252s ]
INFO: [ app_init ] --END-- [ RunTime:0.005965s ]

[ 2015-12-14T16:51:16+08:00 ] 192.168.1.2 /ThinkPHP_APP/TP_Message/index.php/Index/Login/Login/Login/index
INFO: [ app_init ] --START--
INFO: Run Behavior\BuildLiteBehavior [ RunTime:0.000249s ]
INFO: [ app_init ] --END-- [ RunTime:0.006419s ]

[ 2015-12-14T16:51:18+08:00 ] 192.168.1.2 /ThinkPHP_APP/TP_Message/index.php/Index/Login/Login/Login/Login/index
INFO: [ app_init ] --START--
INFO: Run Behavior\BuildLiteBehavior [ RunTime:0.000246s ]
INFO: [ app_init ] --END-- [ RunTime:0.006093s ]

[ 2015-12-14T16:51:19+08:00 ] 192.168.1.2 /ThinkPHP_APP/TP_Message/index.php/Index/Login/Login/Login/Login/Login/index
INFO: [ app_init ] --START--
INFO: Run Behavior\BuildLiteBehavior [ RunTime:0.000245s ]
INFO: [ app_init ] --END-- [ RunTime:0.006077s ]

[ 2015-12-14T16:51:21+08:00 ] 192.168.1.2 /ThinkPHP_APP/TP_Message/index.php/Index/Login/Login/Login/Login/Login/Login/index
INFO: [ app_init ] --START--
INFO: Run Behavior\BuildLiteBehavior [ RunTime:0.000250s ]
INFO: [ app_init ] --END-- [ RunTime:0.006150s ]

[ 2015-12-14T16:51:23+08:00 ] 192.168.1.2 /ThinkPHP_APP/TP_Message/index.php/Index/Login/Login/Login/Login/Login/Login/Login/index
INFO: [ app_init ] --START--
INFO: Run Behavior\BuildLiteBehavior [ RunTime:0.000246s ]
INFO: [ app_init ] --END-- [ RunTime:0.006072s ]

[ 2015-12-14T16:51:23+08:00 ] 192.168.1.2 /ThinkPHP_APP/TP_Message/index.php
INFO: [ app_init ] --START--
INFO: Run Behavior\BuildLiteBehavior [ RunTime:0.000300s ]
INFO: [ app_init ] --END-- [ RunTime:0.006224s ]

[ 2015-12-14T16:51:46+08:00 ] 192.168.1.2 /ThinkPHP_APP/TP_Message/index.php/Index/
INFO: [ app_init ] --START--
INFO: Run Behavior\BuildLiteBehavior [ RunTime:0.000464s ]
INFO: [ app_init ] --END-- [ RunTime:0.008940s ]

[ 2015-12-14T16:51:48+08:00 ] 192.168.1.2 /ThinkPHP_APP/TP_Message/index.php/Index/Login/index
INFO: [ app_init ] --START--
INFO: Run Behavior\BuildLiteBehavior [ RunTime:0.000249s ]
INFO: [ app_init ] --END-- [ RunTime:0.006399s ]

[ 2015-12-14T16:51:49+08:00 ] 192.168.1.2 /ThinkPHP_APP/TP_Message/index.php/Index/Login/Login/index
INFO: [ app_init ] --START--
INFO: Run Behavior\BuildLiteBehavior [ RunTime:0.000252s ]
INFO: [ app_init ] --END-- [ RunTime:0.006241s ]

[ 2015-12-14T16:51:51+08:00 ] 192.168.1.2 /ThinkPHP_APP/TP_Message/index.php/Index/Login/Login/Login/index
INFO: [ app_init ] --START--
INFO: Run Behavior\BuildLiteBehavior [ RunTime:0.000254s ]
INFO: [ app_init ] --END-- [ RunTime:0.006254s ]

[ 2015-12-14T16:51:53+08:00 ] 192.168.1.2 /ThinkPHP_APP/TP_Message/index.php/Index/Login/Login/Login/Login/index
INFO: [ app_init ] --START--
INFO: Run Behavior\BuildLiteBehavior [ RunTime:0.000359s ]
INFO: [ app_init ] --END-- [ RunTime:0.006226s ]

[ 2015-12-14T16:51:53+08:00 ] 192.168.1.2 /ThinkPHP_APP/TP_Message/index.php/Index/Login/Login/Login/index
INFO: [ app_init ] --START--
INFO: Run Behavior\BuildLiteBehavior [ RunTime:0.000250s ]
INFO: [ app_init ] --END-- [ RunTime:0.006498s ]

[ 2015-12-14T16:52:43+08:00 ] 192.168.1.2 /ThinkPHP_APP/TP_Message/index.php/Index/index
INFO: [ app_init ] --START--
INFO: Run Behavior\BuildLiteBehavior [ RunTime:0.000250s ]
INFO: [ app_init ] --END-- [ RunTime:0.006413s ]

[ 2015-12-14T16:52:44+08:00 ] 192.168.1.2 /ThinkPHP_APP/TP_Message/index.php/Index/Login/index
INFO: [ app_init ] --START--
INFO: Run Behavior\BuildLiteBehavior [ RunTime:0.000255s ]
INFO: [ app_init ] --END-- [ RunTime:0.006290s ]

[ 2015-12-14T16:52:46+08:00 ] 192.168.1.2 /ThinkPHP_APP/TP_Message/index.php/Index/Login/Login/index
INFO: [ app_init ] --START--
INFO: Run Behavior\BuildLiteBehavior [ RunTime:0.000246s ]
INFO: [ app_init ] --END-- [ RunTime:0.006415s ]

[ 2015-12-14T16:52:47+08:00 ] 192.168.1.2 /ThinkPHP_APP/TP_Message/index.php/Index/Login/Login/Login/index
INFO: [ app_init ] --START--
INFO: Run Behavior\BuildLiteBehavior [ RunTime:0.000253s ]
INFO: [ app_init ] --END-- [ RunTime:0.006267s ]

[ 2015-12-14T16:52:49+08:00 ] 192.168.1.2 /ThinkPHP_APP/TP_Message/index.php/Index/Login/Login/Login/Login/index
INFO: [ app_init ] --START--
INFO: Run Behavior\BuildLiteBehavior [ RunTime:0.000247s ]
INFO: [ app_init ] --END-- [ RunTime:0.005998s ]

[ 2015-12-14T16:52:51+08:00 ] 192.168.1.2 /ThinkPHP_APP/TP_Message/index.php/Index/Login/Login/Login/Login/Login/index
INFO: [ app_init ] --START--
INFO: Run Behavior\BuildLiteBehavior [ RunTime:0.000246s ]
INFO: [ app_init ] --END-- [ RunTime:0.006142s ]

[ 2015-12-14T16:52:52+08:00 ] 192.168.1.2 /ThinkPHP_APP/TP_Message/index.php/Index/Login/Login/Login/Login/Login/Login/index
INFO: [ app_init ] --START--
INFO: Run Behavior\BuildLiteBehavior [ RunTime:0.000249s ]
INFO: [ app_init ] --END-- [ RunTime:0.006019s ]

[ 2015-12-14T16:52:54+08:00 ] 192.168.1.2 /ThinkPHP_APP/TP_Message/index.php/Index/Login/Login/Login/Login/Login/Login/Login/index
INFO: [ app_init ] --START--
INFO: Run Behavior\BuildLiteBehavior [ RunTime:0.000248s ]
INFO: [ app_init ] --END-- [ RunTime:0.006281s ]

[ 2015-12-14T16:52:56+08:00 ] 192.168.1.2 /ThinkPHP_APP/TP_Message/index.php/Index/Login/Login/Login/Login/Login/Login/Login/Login/index
INFO: [ app_init ] --START--
INFO: Run Behavior\BuildLiteBehavior [ RunTime:0.000251s ]
INFO: [ app_init ] --END-- [ RunTime:0.006148s ]

[ 2015-12-14T16:52:57+08:00 ] 192.168.1.2 /ThinkPHP_APP/TP_Message/index.php/Index/Login/Login/Login/Login/Login/Login/Login/Login/Login/index
INFO: [ app_init ] --START--
INFO: Run Behavior\BuildLiteBehavior [ RunTime:0.000249s ]
INFO: [ app_init ] --END-- [ RunTime:0.006320s ]

[ 2015-12-14T16:54:21+08:00 ] 192.168.1.2 /ThinkPHP_APP/TP_Message/index.php/Home/Register/index.html
INFO: [ app_init ] --START--
INFO: Run Behavior\BuildLiteBehavior [ RunTime:0.000245s ]
INFO: [ app_init ] --END-- [ RunTime:0.006209s ]
ERR: 无法加载控制器:Home

[ 2015-12-14T16:54:33+08:00 ] 192.168.1.2 /ThinkPHP_APP/TP_Message/index.php/Home/Register/index.html
INFO: [ app_init ] --START--
INFO: Run Behavior\BuildLiteBehavior [ RunTime:0.000248s ]
INFO: [ app_init ] --END-- [ RunTime:0.005960s ]

