[ 2015-12-08T00:20:47+08:00 ] 192.168.1.2 /thinkphp/1/
INFO: [ app_init ] --START--
INFO: Run Behavior\BuildLiteBehavior [ RunTime:0.000249s ]
INFO: [ app_init ] --END-- [ RunTime:0.007861s ]
INFO: [ app_begin ] --START--
INFO: Run Behavior\ReadHtmlCacheBehavior [ RunTime:0.010316s ]
INFO: [ app_begin ] --END-- [ RunTime:0.011527s ]
INFO: [ app_end ] --START--
INFO: Run Behavior\ShowPageTraceBehavior [ RunTime:0.012692s ]
INFO: [ app_end ] --END-- [ RunTime:0.013764s ]

[ 2015-12-08T05:11:47+08:00 ] 192.168.1.2 /thinkphp/1/
INFO: [ app_init ] --START--
INFO: Run Behavior\BuildLiteBehavior [ RunTime:0.000248s ]
INFO: [ app_init ] --END-- [ RunTime:0.006699s ]
INFO: [ app_begin ] --START--
INFO: Run Behavior\ReadHtmlCacheBehavior [ RunTime:0.009140s ]
INFO: [ app_begin ] --END-- [ RunTime:0.010358s ]
INFO: [ view_parse ] --START--
INFO: [ template_filter ] --START--
INFO: Run Behavior\ContentReplaceBehavior [ RunTime:0.000622s ]
INFO: [ template_filter ] --END-- [ RunTime:0.001723s ]
INFO: Run Behavior\ParseTemplateBehavior [ RunTime:0.118957s ]
INFO: [ view_parse ] --END-- [ RunTime:0.120023s ]
INFO: [ view_filter ] --START--
INFO: Run Behavior\WriteHtmlCacheBehavior [ RunTime:0.003454s ]
INFO: [ view_filter ] --END-- [ RunTime:0.004413s ]
INFO: [ app_end ] --START--
INFO: Run Behavior\ShowPageTraceBehavior [ RunTime:0.009759s ]
INFO: [ app_end ] --END-- [ RunTime:0.010826s ]

[ 2015-12-08T05:46:57+08:00 ] 192.168.1.2 /thinkphp/1/
INFO: [ app_init ] --START--
INFO: Run Behavior\BuildLiteBehavior [ RunTime:0.000250s ]
INFO: [ app_init ] --END-- [ RunTime:0.006787s ]
INFO: [ app_begin ] --START--
INFO: Run Behavior\ReadHtmlCacheBehavior [ RunTime:0.009358s ]
INFO: [ app_begin ] --END-- [ RunTime:0.010973s ]

[ 2015-12-08T05:52:42+08:00 ] 192.168.1.2 /thinkphp/1/
INFO: [ app_init ] --START--
INFO: Run Behavior\BuildLiteBehavior [ RunTime:0.000245s ]
INFO: [ app_init ] --END-- [ RunTime:0.006846s ]
INFO: [ app_begin ] --START--
INFO: Run Behavior\ReadHtmlCacheBehavior [ RunTime:0.009544s ]
INFO: [ app_begin ] --END-- [ RunTime:0.010662s ]
SQL: SHOW COLUMNS FROM `table1` [ RunTime:0.0106s ]
SQL: SELECT * FROM `table1` WHERE `id` = 11 LIMIT 1   [ RunTime:0.0029s ]
INFO: [ view_parse ] --START--
INFO: [ template_filter ] --START--
INFO: Run Behavior\ContentReplaceBehavior [ RunTime:0.000624s ]
INFO: [ template_filter ] --END-- [ RunTime:0.001683s ]
INFO: Run Behavior\ParseTemplateBehavior [ RunTime:0.113773s ]
INFO: [ view_parse ] --END-- [ RunTime:0.115077s ]
INFO: [ view_filter ] --START--
INFO: Run Behavior\WriteHtmlCacheBehavior [ RunTime:0.002323s ]
INFO: [ view_filter ] --END-- [ RunTime:0.003319s ]
INFO: [ app_end ] --START--
INFO: Run Behavior\ShowPageTraceBehavior [ RunTime:0.010272s ]
INFO: [ app_end ] --END-- [ RunTime:0.011351s ]

[ 2015-12-08T06:26:27+08:00 ] 192.168.1.2 /thinkphp/1/
INFO: [ app_init ] --START--
INFO: Run Behavior\BuildLiteBehavior [ RunTime:0.000245s ]
INFO: [ app_init ] --END-- [ RunTime:0.006859s ]
INFO: [ app_begin ] --START--
INFO: Run Behavior\ReadHtmlCacheBehavior [ RunTime:0.008974s ]
INFO: [ app_begin ] --END-- [ RunTime:0.010600s ]
SQL: SHOW COLUMNS FROM `table1` [ RunTime:0.0083s ]
SQL: SELECT * FROM `table1` WHERE `id` = 11 LIMIT 1   [ RunTime:0.0010s ]
INFO: [ view_parse ] --START--
INFO: [ template_filter ] --START--
INFO: Run Behavior\ContentReplaceBehavior [ RunTime:0.000626s ]
INFO: [ template_filter ] --END-- [ RunTime:0.001926s ]
INFO: Run Behavior\ParseTemplateBehavior [ RunTime:0.113481s ]
INFO: [ view_parse ] --END-- [ RunTime:0.114938s ]
INFO: [ view_filter ] --START--
INFO: Run Behavior\WriteHtmlCacheBehavior [ RunTime:0.002327s ]
INFO: [ view_filter ] --END-- [ RunTime:0.003547s ]
INFO: [ app_end ] --START--
INFO: Run Behavior\ShowPageTraceBehavior [ RunTime:0.009734s ]
INFO: [ app_end ] --END-- [ RunTime:0.010859s ]

[ 2015-12-08T06:49:15+08:00 ] 192.168.1.2 /thinkphp/1/
INFO: [ app_init ] --START--
INFO: Run Behavior\BuildLiteBehavior [ RunTime:0.000248s ]
INFO: [ app_init ] --END-- [ RunTime:0.006865s ]
INFO: [ app_begin ] --START--
INFO: Run Behavior\ReadHtmlCacheBehavior [ RunTime:0.009274s ]
INFO: [ app_begin ] --END-- [ RunTime:0.010396s ]
SQL: SHOW COLUMNS FROM `table1` [ RunTime:0.0086s ]
SQL: SELECT * FROM `table1` WHERE `id` = 11 LIMIT 1   [ RunTime:0.0010s ]
INFO: [ view_parse ] --START--
INFO: [ template_filter ] --START--
INFO: Run Behavior\ContentReplaceBehavior [ RunTime:0.000626s ]
INFO: [ template_filter ] --END-- [ RunTime:0.001695s ]
INFO: Run Behavior\ParseTemplateBehavior [ RunTime:0.115843s ]
INFO: [ view_parse ] --END-- [ RunTime:0.116937s ]
INFO: [ view_filter ] --START--
INFO: Run Behavior\WriteHtmlCacheBehavior [ RunTime:0.002790s ]
INFO: [ view_filter ] --END-- [ RunTime:0.003908s ]
INFO: [ app_end ] --START--
INFO: Run Behavior\ShowPageTraceBehavior [ RunTime:0.009764s ]
INFO: [ app_end ] --END-- [ RunTime:0.010839s ]

[ 2015-12-08T06:49:33+08:00 ] 192.168.1.2 /thinkphp/1/
INFO: [ app_init ] --START--
INFO: Run Behavior\BuildLiteBehavior [ RunTime:0.000241s ]
INFO: [ app_init ] --END-- [ RunTime:0.006303s ]
INFO: [ app_begin ] --START--
INFO: Run Behavior\ReadHtmlCacheBehavior [ RunTime:0.009364s ]
INFO: [ app_begin ] --END-- [ RunTime:0.010455s ]
SQL: SHOW COLUMNS FROM `table1` [ RunTime:0.0084s ]
SQL: SELECT * FROM `table1` WHERE `id` = 11 LIMIT 1   [ RunTime:0.0010s ]
INFO: [ view_parse ] --START--
INFO: [ template_filter ] --START--
INFO: Run Behavior\ContentReplaceBehavior [ RunTime:0.000633s ]
INFO: [ template_filter ] --END-- [ RunTime:0.001709s ]
INFO: Run Behavior\ParseTemplateBehavior [ RunTime:0.117100s ]
INFO: [ view_parse ] --END-- [ RunTime:0.118192s ]
INFO: [ view_filter ] --START--
INFO: Run Behavior\WriteHtmlCacheBehavior [ RunTime:0.002392s ]
INFO: [ view_filter ] --END-- [ RunTime:0.003341s ]
INFO: [ app_end ] --START--
INFO: Run Behavior\ShowPageTraceBehavior [ RunTime:0.009647s ]
INFO: [ app_end ] --END-- [ RunTime:0.010681s ]

[ 2015-12-08T06:49:57+08:00 ] 192.168.1.2 /thinkphp/1/
INFO: [ app_init ] --START--
INFO: Run Behavior\BuildLiteBehavior [ RunTime:0.000240s ]
INFO: [ app_init ] --END-- [ RunTime:0.006460s ]
INFO: [ app_begin ] --START--
INFO: Run Behavior\ReadHtmlCacheBehavior [ RunTime:0.009211s ]
INFO: [ app_begin ] --END-- [ RunTime:0.010358s ]
SQL: SHOW COLUMNS FROM `table1` [ RunTime:0.0085s ]
SQL: SELECT * FROM `table1` WHERE `id` = 11 LIMIT 1   [ RunTime:0.0010s ]
INFO: [ view_parse ] --START--
INFO: [ template_filter ] --START--
INFO: Run Behavior\ContentReplaceBehavior [ RunTime:0.000775s ]
INFO: [ template_filter ] --END-- [ RunTime:0.002093s ]
INFO: Run Behavior\ParseTemplateBehavior [ RunTime:0.111487s ]
INFO: [ view_parse ] --END-- [ RunTime:0.112576s ]
INFO: [ view_filter ] --START--
INFO: Run Behavior\WriteHtmlCacheBehavior [ RunTime:0.002616s ]
INFO: [ view_filter ] --END-- [ RunTime:0.003592s ]
INFO: [ app_end ] --START--
INFO: Run Behavior\ShowPageTraceBehavior [ RunTime:0.009418s ]
INFO: [ app_end ] --END-- [ RunTime:0.010437s ]

[ 2015-12-08T07:09:04+08:00 ] 192.168.1.2 /thinkphp/1/
INFO: [ app_init ] --START--
INFO: Run Behavior\BuildLiteBehavior [ RunTime:0.000249s ]
INFO: [ app_init ] --END-- [ RunTime:0.006654s ]
INFO: [ app_begin ] --START--
INFO: Run Behavior\ReadHtmlCacheBehavior [ RunTime:0.009058s ]
INFO: [ app_begin ] --END-- [ RunTime:0.010215s ]
SQL: SHOW COLUMNS FROM `table1` [ RunTime:0.0085s ]
SQL: INSERT INTO `table1` (`username`,`date`,`imgnum`,`webpage`,`commcon`) VALUES ('thinkphp','1448423385','2','www.thinkphp.com','commit thinkphp') [ RunTime:0.0116s ]
INFO: [ app_end ] --START--
INFO: Run Behavior\ShowPageTraceBehavior [ RunTime:0.009506s ]
INFO: [ app_end ] --END-- [ RunTime:0.010551s ]

[ 2015-12-08T07:10:34+08:00 ] 192.168.1.2 /thinkphp/1/
INFO: [ app_init ] --START--
INFO: Run Behavior\BuildLiteBehavior [ RunTime:0.000241s ]
INFO: [ app_init ] --END-- [ RunTime:0.006637s ]
INFO: [ app_begin ] --START--
INFO: Run Behavior\ReadHtmlCacheBehavior [ RunTime:0.009227s ]
INFO: [ app_begin ] --END-- [ RunTime:0.010305s ]
SQL: SHOW COLUMNS FROM `table1` [ RunTime:0.0086s ]
SQL: DELETE FROM `table1` WHERE `id` = 12 [ RunTime:0.0177s ]
INFO: [ app_end ] --START--
INFO: Run Behavior\ShowPageTraceBehavior [ RunTime:0.009381s ]
INFO: [ app_end ] --END-- [ RunTime:0.010459s ]

[ 2015-12-08T07:10:48+08:00 ] 192.168.1.2 /thinkphp/1/
INFO: [ app_init ] --START--
INFO: Run Behavior\BuildLiteBehavior [ RunTime:0.000245s ]
INFO: [ app_init ] --END-- [ RunTime:0.006331s ]
INFO: [ app_begin ] --START--
INFO: Run Behavior\ReadHtmlCacheBehavior [ RunTime:0.009453s ]
INFO: [ app_begin ] --END-- [ RunTime:0.010543s ]
SQL: SHOW COLUMNS FROM `table1` [ RunTime:0.0085s ]
SQL: DELETE FROM `table1` WHERE `id` = 11 [ RunTime:0.1926s ]
INFO: [ app_end ] --START--
INFO: Run Behavior\ShowPageTraceBehavior [ RunTime:0.010495s ]
INFO: [ app_end ] --END-- [ RunTime:0.011596s ]

[ 2015-12-08T07:10:57+08:00 ] 192.168.1.2 /thinkphp/1/
INFO: [ app_init ] --START--
INFO: Run Behavior\BuildLiteBehavior [ RunTime:0.000243s ]
INFO: [ app_init ] --END-- [ RunTime:0.006615s ]
INFO: [ app_begin ] --START--
INFO: Run Behavior\ReadHtmlCacheBehavior [ RunTime:0.009208s ]
INFO: [ app_begin ] --END-- [ RunTime:0.010284s ]
SQL: SHOW COLUMNS FROM `table1` [ RunTime:0.0089s ]
SQL: DELETE FROM `table1` WHERE `id` = 10 [ RunTime:0.1975s ]
INFO: [ app_end ] --START--
INFO: Run Behavior\ShowPageTraceBehavior [ RunTime:0.009358s ]
INFO: [ app_end ] --END-- [ RunTime:0.010457s ]

[ 2015-12-08T07:23:34+08:00 ] 192.168.1.2 /thinkphp/1/
INFO: [ app_init ] --START--
INFO: Run Behavior\BuildLiteBehavior [ RunTime:0.000481s ]
INFO: [ app_init ] --END-- [ RunTime:0.006470s ]
INFO: [ app_begin ] --START--
INFO: Run Behavior\ReadHtmlCacheBehavior [ RunTime:0.009064s ]
INFO: [ app_begin ] --END-- [ RunTime:0.010169s ]
SQL: SHOW COLUMNS FROM `table1` [ RunTime:0.0084s ]
SQL: UPDATE `table1` SET `username`='thinkphp',`date`='1448423385',`imgnum`='2',`webpage`='www.thinkphp.com',`commcon`='commit thinkphp' WHERE `id` = 2 [ RunTime:0.0180s ]
INFO: [ app_end ] --START--
INFO: Run Behavior\ShowPageTraceBehavior [ RunTime:0.010368s ]
INFO: [ app_end ] --END-- [ RunTime:0.011408s ]

